[2024-01-18 15:04:37,206] 25 root - INFO - data ingestion started
[2024-01-18 15:04:37,405] 28 root - INFO -  reading a df
[2024-01-18 15:04:38,251] 32 root - INFO -  i have saved the raw dataset in artifact folder
[2024-01-18 15:04:38,251] 34 root - INFO - here i have performed train test split
[2024-01-18 15:04:38,313] 37 root - INFO - train test split completed
[2024-01-18 15:04:39,114] 42 root - INFO - data ingestion part completed
[2024-01-18 15:04:39,313] 87 root - INFO - read train and test data complete
[2024-01-18 15:04:39,318] 88 root - INFO - Train Dataframe Head : 
       id  carat        cut color clarity  depth  table     x     y     z  price
0  187083   0.58      Ideal     G    VVS2   60.7   57.0  5.41  5.44  3.30   2415
1  145362   1.22    Premium     I     VS1   60.7   58.0  6.91  6.85  4.17   5293
2   66004   2.07    Premium     F     SI2   62.4   58.0  8.16  8.13  5.07  17474
3   21047   1.14      Ideal     D     VS2   61.9   55.0  6.74  6.71  4.17   6830
4  182458   1.01  Very Good     E     VS2   63.3   58.0  6.38  6.43  4.05   7099
[2024-01-18 15:04:39,321] 89 root - INFO - Test Dataframe Head : 
       id  carat        cut color clarity  depth  table     x     y     z  price
0    8250   0.39      Ideal     G     SI1   61.1   57.0  4.67  4.70  2.86    687
1  158664   0.40  Very Good     E     VS2   62.3   57.0  4.69  4.66  2.91    881
2   87422   0.31      Ideal     E     VS2   61.7   55.0  4.34  4.38  2.70    680
3   87019   0.71      Ideal     E     VS2   60.7   56.0  5.81  5.78  3.52   2739
4   56779   1.05    Premium     E     SI1   62.5   58.0  6.40  6.46  4.02   6640
[2024-01-18 15:04:39,321] 32 root - INFO - Data Transformation initiated
[2024-01-18 15:04:39,322] 43 root - INFO - Pipeline Initiated
[2024-01-18 15:04:39,609] 107 root - INFO - Applying preprocessing object on training and testing datasets.
[2024-01-18 15:04:39,619] 117 root - INFO - preprocessing pickle file saved
[2024-01-18 15:04:39,622] 26 root - INFO - Splitting Dependent and Independent variables from train and test data
[2024-01-18 15:04:40,159] 44 root - INFO - Model Report : {'LinearRegression': 0.9365316179998348, 'Lasso': 0.9365390462005563, 'Ridge': 0.93653218797002, 'Elasticnet': 0.8561204987525091}
[2024-01-18 15:04:40,160] 57 root - INFO - Best Model Found , Model Name : Lasso , R2 Score : 0.9365390462005563
