[2024-01-19 15:22:25,225] 25 root - INFO - data ingestion started
[2024-01-19 15:22:25,414] 28 root - INFO -  reading a df
[2024-01-19 15:22:26,272] 32 root - INFO -  i have saved the raw dataset in artifact folder
[2024-01-19 15:22:26,273] 34 root - INFO - here i have performed train test split
[2024-01-19 15:22:26,303] 37 root - INFO - train test split completed
[2024-01-19 15:22:27,155] 42 root - INFO - data ingestion part completed
[2024-01-19 15:22:27,349] 87 root - INFO - read train and test data complete
[2024-01-19 15:22:27,355] 88 root - INFO - Train Dataframe Head : 
       id  carat        cut color clarity  depth  table     x     y     z  price
0  171510   1.21  Very Good     F     SI2   62.5   63.0  6.78  6.73  4.22   5167
1  126275   0.75       Good     I     VS1   63.6   57.0  5.74  5.78  3.66   2473
2  136599   0.80    Premium     F     SI1   60.7   58.0  6.01  5.95  3.63   2762
3   46029   0.70      Ideal     F     SI1   62.5   56.0  5.69  5.66  3.54   2325
4   12259   0.71       Good     I    VVS1   64.2   58.0  5.65  5.59  3.61   2572
[2024-01-19 15:22:27,358] 89 root - INFO - Test Dataframe Head : 
       id  carat        cut color clarity  depth  table     x     y     z  price
0  102259   0.31       Good     G     VS2   63.1   58.0  4.31  4.35  2.73    544
1   89143   2.01      Ideal     I     VS1   62.4   57.0  8.09  8.05  5.02  17442
2  163914   1.30    Premium     H     SI1   60.6   60.0  7.08  7.01  4.26   7213
3   22727   1.20    Premium     H     SI1   61.9   59.0  6.78  6.73  4.18   5818
4   55267   1.26  Very Good     G     VS2   59.8   57.0  7.03  7.07  4.22   7773
[2024-01-19 15:22:27,358] 32 root - INFO - Data Transformation initiated
[2024-01-19 15:22:27,358] 43 root - INFO - Pipeline Initiated
[2024-01-19 15:22:27,653] 107 root - INFO - Applying preprocessing object on training and testing datasets.
[2024-01-19 15:22:27,661] 117 root - INFO - preprocessing pickle file saved
[2024-01-19 15:22:27,665] 26 root - INFO - Splitting Dependent and Independent variables from train and test data
[2024-01-19 15:22:28,328] 44 root - INFO - Model Report : {'LinearRegression': 0.9364031381752539, 'Lasso': 0.9365096647185511, 'Ridge': 0.936400684318745, 'Elasticnet': 0.8533551980923533}
[2024-01-19 15:22:28,330] 57 root - INFO - Best Model Found , Model Name : Lasso , R2 Score : 0.9365096647185511
[2024-01-19 15:22:28,331] 15 root - INFO - evaluation started
[2024-01-19 15:22:28,332] 33 root - INFO - model has register
[2024-01-19 15:22:28,482] 21 root - INFO - evaluation metrics captured
