[2024-01-19 15:05:05,344] 25 root - INFO - data ingestion started
[2024-01-19 15:05:05,549] 28 root - INFO -  reading a df
[2024-01-19 15:05:06,441] 32 root - INFO -  i have saved the raw dataset in artifact folder
[2024-01-19 15:05:06,442] 34 root - INFO - here i have performed train test split
[2024-01-19 15:05:06,482] 37 root - INFO - train test split completed
[2024-01-19 15:05:07,302] 42 root - INFO - data ingestion part completed
[2024-01-19 15:05:07,495] 87 root - INFO - read train and test data complete
[2024-01-19 15:05:07,501] 88 root - INFO - Train Dataframe Head : 
       id  carat    cut color clarity  depth  table     x     y     z  price
0   80175   0.50  Ideal     G    VVS2   61.9   56.0  5.15  5.12  3.18   2012
1   42685   0.54  Ideal     F     VS1   61.8   57.0  5.22  5.25  3.25   1981
2   40403   0.32  Ideal     H     VS2   61.6   57.0  4.40  4.43  2.72    648
3  187622   1.05  Ideal     E     SI1   60.5   55.0  6.56  6.59  3.97   7577
4   13070   0.31  Ideal     D     VS2   62.2   54.0  4.32  4.35  2.70    638
[2024-01-19 15:05:07,504] 89 root - INFO - Test Dataframe Head : 
       id  carat        cut color clarity  depth  table     x     y     z  price
0   36500   1.02      Ideal     E     SI2   62.0   56.0  6.48  6.51  4.03   4160
1    6423   0.50  Very Good     H    VVS2   63.5   58.0  5.04  5.10  3.21   1436
2   89916   1.07      Ideal     H     SI1   62.6   56.0  6.54  6.56  4.10   5469
3   65292   0.33      Ideal     F      IF   61.9   56.0  4.43  4.46  2.75   1142
4  160342   1.01      Ideal     H     SI2   61.8   54.0  6.41  6.45  3.98   3879
[2024-01-19 15:05:07,504] 32 root - INFO - Data Transformation initiated
[2024-01-19 15:05:07,504] 43 root - INFO - Pipeline Initiated
[2024-01-19 15:05:07,802] 107 root - INFO - Applying preprocessing object on training and testing datasets.
[2024-01-19 15:05:07,812] 117 root - INFO - preprocessing pickle file saved
[2024-01-19 15:05:07,815] 26 root - INFO - Splitting Dependent and Independent variables from train and test data
[2024-01-19 15:05:08,402] 44 root - INFO - Model Report : {'LinearRegression': 0.9341935120635134, 'Lasso': 0.9343540635512326, 'Ridge': 0.9341911240642662, 'Elasticnet': 0.8514513922236703}
[2024-01-19 15:05:08,404] 57 root - INFO - Best Model Found , Model Name : Lasso , R2 Score : 0.9343540635512326
[2024-01-19 15:05:08,409] 15 root - INFO - evaluation started
[2024-01-19 15:05:08,410] 33 root - INFO - model has register
[2024-01-19 15:05:08,578] 21 root - INFO - evaluation metrics captured
